#
# A fatal error has been detected by the Java Runtime Environment:
#
#  SIGFPE (0x8) at pc=0x0000000110ed4868, pid=3555, tid=0x0000000000001803
#
# JRE version: Java(TM) SE Runtime Environment (8.0_202-b08) (build 1.8.0_202-b08)
# Java VM: Java HotSpot(TM) 64-Bit Server VM (25.202-b08 mixed mode bsd-amd64 compressed oops)
# Problematic frame:
# j  exception.Exception02.main([Ljava/lang/String;)V+5
#
# Failed to write core dump. Core dumps have been disabled. To enable core dumping, try "ulimit -c unlimited" before starting Java again
#
# If you would like to submit a bug report, please visit:
#   http://bugreport.java.com/bugreport/crash.jsp
#

---------------  T H R E A D  ---------------

Current thread (0x00007f9c27008800):  JavaThread "main" [_thread_in_Java, id=6147, stack(0x000000030901d000,0x000000030911d000)]

siginfo: si_signo: 8 (SIGFPE), si_code: 5 (FPE_FLTINV), si_addr: 0x0000000110ed4868

Registers:
RAX=0x0000000000000064, RBX=0x000000000000006c, RCX=0x0000000000000000, RDX=0x0000000000000000
RSP=0x000000030911c9a8, RBP=0x000000030911c9e8, RSI=0x000000030911c938, RDI=0x0000000110ec02bd
R8 =0x000000000000000a, R9 =0x000000076ab1b198, R10=0x000000010f90a160, R11=0x000000030911c530
R12=0x0000000000000000, R13=0x000000012980f3b3, R14=0x000000030911ca08, R15=0x00007f9c27008800
RIP=0x0000000110ed4868, EFLAGS=0x0000000000000a83, ERR=0x0000000000000000
  TRAPNO=0x0000000000000000

Top of Stack: (sp=0x000000030911c9a8)
0x000000030911c9a8:   000000030911c9a8 000000012980f3ad
0x000000030911c9b8:   000000030911ca08 000000012980f4b0
0x000000030911c9c8:   0000000000000000 000000012980f440
0x000000030911c9d8:   0000000000000000 000000030911ca08
0x000000030911c9e8:   000000030911ca70 0000000110eb87a7
0x000000030911c9f8:   0000000000000000 0000000000000000
0x000000030911ca08:   000000076ab64dd0 0000000100001fa0
0x000000030911ca18:   000000000000000a 00007f9c27008800
0x000000030911ca28:   0000000000000001 0000000110eb871f
0x000000030911ca38:   000000012980f440 000000030911cb08
0x000000030911ca48:   000000030911ce90 000000010000000a
0x000000030911ca58:   000000012980f440 0000000110ecb600
0x000000030911ca68:   000000030911cc48 000000030911cc20
0x000000030911ca78:   000000010f2f0d1e 0000000000000001
0x000000030911ca88:   00007f9c27008800 000000030911cdf0
0x000000030911ca98:   000000030911ce90 0000000000000000
0x000000030911caa8:   0000000110ecb600 0000000102623f37
0x000000030911cab8:   000000030911cc40 000000030911ce88
0x000000030911cac8:   00007f9c27008800 00007f9c27008800
0x000000030911cad8:   00007f9c26506680 00007f9c265061d0
0x000000030911cae8:   00007f9c265061e0 00007f9c265062b8
0x000000030911caf8:   00000000000000d8 00007f9c26505f00
0x000000030911cb08:   00007f9c27008800 00007f9c26707e80
0x000000030911cb18:   000000012980f440 0000000000000000
0x000000030911cb28:   0000000000000000 0000000000000000
0x000000030911cb38:   0000000000000000 000000030911ce88
0x000000030911cb48:   00007fff201e6020 000000030911cb80
0x000000030911cb58:   000000012980f440 00007f9c27008800
0x000000030911cb68:   000000030911cbd0 000000030911cbd0
0x000000030911cb78:   00007f9c1800c700 000000030911cbc0
0x000000030911cb88:   000000012980f440 00007f9c27008800
0x000000030911cb98:   000000030911cbd0 000000010f32931c 

Instructions: (pc=0x0000000110ed4868)
0x0000000110ed4848:   c8 8b 04 24 48 83 c4 08 81 f8 00 00 00 80 0f 85
0x0000000110ed4858:   0b 00 00 00 33 d2 83 f9 ff 0f 84 03 00 00 00 99
0x0000000110ed4868:   f7 f9 41 0f b6 5d 01 49 ff c5 49 ba 60 a1 90 0f
0x0000000110ed4878:   01 00 00 00 41 ff 24 da 80 00 00 00 00 00 00 00 

Register to memory mapping:

RAX=0x0000000000000064 is an unknown value
RBX=0x000000000000006c is an unknown value
RCX=0x0000000000000000 is an unknown value
RDX=0x0000000000000000 is an unknown value
RSP=0x000000030911c9a8 is pointing into the stack for thread: 0x00007f9c27008800
RBP=0x000000030911c9e8 is pointing into the stack for thread: 0x00007f9c27008800
RSI=0x000000030911c938 is pointing into the stack for thread: 0x00007f9c27008800
RDI=0x0000000110ec02bd is at code_begin+2301 in an Interpreter codelet
invoke return entry points  [0x0000000110ebf9c0, 0x0000000110ec03a0]  2528 bytes
R8 =0x000000000000000a is an unknown value
R9 =0x000000076ab1b198 is an oop
java.io.FileDescriptor 
 - klass: 'java/io/FileDescriptor'
R10=0x000000010f90a160: _ZN19TemplateInterpreter13_active_tableE+0x2000 in /Applications/Eclipse_2021-09.app/Contents/java/8/Home/jre/lib/server/libjvm.dylib at 0x000000010f000000
R11=0x000000030911c530 is pointing into the stack for thread: 0x00007f9c27008800
R12=0x0000000000000000 is an unknown value
R13=0x000000012980f3b3 is pointing into metadata
R14=0x000000030911ca08 is pointing into the stack for thread: 0x00007f9c27008800
R15=0x00007f9c27008800 is a thread


Stack: [0x000000030901d000,0x000000030911d000],  sp=0x000000030911c9a8,  free space=1022k
Native frames: (J=compiled Java code, j=interpreted, Vv=VM code, C=native code)
j  exception.Exception02.main([Ljava/lang/String;)V+5
v  ~StubRoutines::call_stub
V  [libjvm.dylib+0x2f0d1e]  JavaCalls::call_helper(JavaValue*, methodHandle*, JavaCallArguments*, Thread*)+0x6ae
V  [libjvm.dylib+0x327cc5]  jni_invoke_static(JNIEnv_*, JavaValue*, _jobject*, JNICallType, _jmethodID*, JNI_ArgumentPusher*, Thread*)+0x1bf
V  [libjvm.dylib+0x320a51]  jni_CallStaticVoidMethod+0x15d
C  [java+0x38c6]  JavaMain+0x9c4
C  [libsystem_pthread.dylib+0x6950]  _pthread_start+0xe0
C  [libsystem_pthread.dylib+0x247b]  thread_start+0xf
C  0x0000000000000000


---------------  P R O C E S S  ---------------

Java Threads: ( => current thread )
  0x00007f9c27035800 JavaThread "Service Thread" daemon [_thread_blocked, id=24327, stack(0x000000030a25e000,0x000000030a35e000)]
  0x00007f9c0680b800 JavaThread "C1 CompilerThread3" daemon [_thread_blocked, id=23555, stack(0x000000030a15b000,0x000000030a25b000)]
  0x00007f9c2784a800 JavaThread "C2 CompilerThread2" daemon [_thread_blocked, id=42499, stack(0x000000030a058000,0x000000030a158000)]
  0x00007f9c27849800 JavaThread "C2 CompilerThread1" daemon [_thread_blocked, id=22787, stack(0x0000000309f55000,0x000000030a055000)]
  0x00007f9c27848000 JavaThread "C2 CompilerThread0" daemon [_thread_blocked, id=43267, stack(0x0000000309e52000,0x0000000309f52000)]
  0x00007f9c2682d800 JavaThread "Signal Dispatcher" daemon [_thread_blocked, id=22275, stack(0x0000000309d4f000,0x0000000309e4f000)]
  0x00007f9c27839800 JavaThread "Finalizer" daemon [_thread_blocked, id=18207, stack(0x0000000309b3e000,0x0000000309c3e000)]
  0x00007f9c26819800 JavaThread "Reference Handler" daemon [_thread_blocked, id=13091, stack(0x0000000309a3b000,0x0000000309b3b000)]
=>0x00007f9c27008800 JavaThread "main" [_thread_in_Java, id=6147, stack(0x000000030901d000,0x000000030911d000)]

Other Threads:
  0x00007f9c27833000 VMThread [stack: 0x0000000309938000,0x0000000309a38000] [id=18691]
  0x00007f9c27033800 WatcherThread [stack: 0x000000030a361000,0x000000030a461000] [id=41991]

VM state:not at safepoint (normal execution)

VM Mutex/Monitor currently owned by a thread: None

heap address: 0x00000006c0000000, size: 4096 MB, Compressed Oops mode: Zero based, Oop shift amount: 3
Narrow klass base: 0x0000000000000000, Narrow klass shift: 3
Compressed class space size: 1073741824 Address: 0x00000007c0000000

Heap:
 PSYoungGen      total 76288K, used 1310K [0x000000076ab00000, 0x0000000770000000, 0x00000007c0000000)
  eden space 65536K, 2% used [0x000000076ab00000,0x000000076ac47af0,0x000000076eb00000)
  from space 10752K, 0% used [0x000000076f580000,0x000000076f580000,0x0000000770000000)
  to   space 10752K, 0% used [0x000000076eb00000,0x000000076eb00000,0x000000076f580000)
 ParOldGen       total 175104K, used 0K [0x00000006c0000000, 0x00000006cab00000, 0x000000076ab00000)
  object space 175104K, 0% used [0x00000006c0000000,0x00000006c0000000,0x00000006cab00000)
 Metaspace       used 2504K, capacity 4486K, committed 4864K, reserved 1056768K
  class space    used 267K, capacity 386K, committed 512K, reserved 1048576K

Card table byte_map: [0x000000011feb8000,0x00000001206b9000] byte_map_base: 0x000000011c8b8000

Marking Bits: (ParMarkBitMap*) 0x000000010f8fbe40
 Begin Bits: [0x0000000120c0f000, 0x0000000124c0f000)
 End Bits:   [0x0000000124c0f000, 0x0000000128c0f000)

Polling page: 0x000000010a9d9000

CodeCache: size=245760Kb used=1071Kb max_used=1074Kb free=244688Kb
 bounds [0x0000000110eb8000, 0x0000000111128000, 0x000000011feb8000]
 total_blobs=236 nmethods=8 adapters=144
 compilation: enabled

Compilation events (10 events):
Event: 0.095 Thread 0x00007f9c0680b800    7       3       java.lang.String::equals (81 bytes)
Event: 0.097 Thread 0x00007f9c0680b800 nmethod 7 0x0000000110fc1e90 code [0x0000000110fc2020, 0x0000000110fc2570]
Event: 0.097 Thread 0x00007f9c0680b800    5       3       java.lang.Object::<init> (1 bytes)
Event: 0.098 Thread 0x00007f9c0680b800 nmethod 5 0x0000000110fc1b50 code [0x0000000110fc1cc0, 0x0000000110fc1e10]
Event: 0.098 Thread 0x00007f9c0680b800    2       3       java.lang.Math::min (11 bytes)
Event: 0.098 Thread 0x00007f9c0680b800 nmethod 2 0x0000000110fc17d0 code [0x0000000110fc1940, 0x0000000110fc1ad0]
Event: 0.098 Thread 0x00007f9c0680b800    4       3       java.lang.String::length (6 bytes)
Event: 0.098 Thread 0x00007f9c0680b800 nmethod 4 0x0000000110fc43d0 code [0x0000000110fc4540, 0x0000000110fc46b0]
Event: 0.099 Thread 0x00007f9c0680b800    8       3       java.lang.String::indexOf (70 bytes)
Event: 0.100 Thread 0x00007f9c0680b800 nmethod 8 0x0000000110fc3990 code [0x0000000110fc3b20, 0x0000000110fc3ea8]

GC Heap History (0 events):
No events

Deoptimization events (0 events):
No events

Classes redefined (0 events):
No events

Internal exceptions (2 events):
Event: 0.045 Thread 0x00007f9c27008800 Exception <a 'java/lang/NoSuchMethodError': Method sun.misc.Unsafe.defineClass(Ljava/lang/String;[BII)Ljava/lang/Class; name or signature does not match> (0x000000076ab07cb0) thrown at [/Users/java_re/workspace/8-2-build-macosx-x86_64/jdk8u202/12323/hotsp
Event: 0.045 Thread 0x00007f9c27008800 Exception <a 'java/lang/NoSuchMethodError': Method sun.misc.Unsafe.prefetchRead(Ljava/lang/Object;J)V name or signature does not match> (0x000000076ab07f98) thrown at [/Users/java_re/workspace/8-2-build-macosx-x86_64/jdk8u202/12323/hotspot/src/share/vm/pr

Events (10 events):
Event: 0.100 loading class java/security/UnresolvedPermission
Event: 0.100 loading class java/security/UnresolvedPermission done
Event: 0.100 loading class java/security/BasicPermissionCollection
Event: 0.100 loading class java/security/BasicPermissionCollection done
Event: 0.101 loading class sun/launcher/LauncherHelper$FXHelper
Event: 0.101 loading class sun/launcher/LauncherHelper$FXHelper done
Event: 0.101 loading class java/lang/Class$MethodArray
Event: 0.101 loading class java/lang/Class$MethodArray done
Event: 0.104 loading class java/lang/Void
Event: 0.104 loading class java/lang/Void done


Dynamic libraries:
0x00007ffdffcc7000 	/Library/Apple/usr/libexec/oah/runtime
0x00007fff35268000 	/System/Library/Frameworks/Cocoa.framework/Versions/A/Cocoa
0x00007fff221a0000 	/System/Library/Frameworks/Security.framework/Versions/A/Security
0x00007fff334b7000 	/System/Library/Frameworks/ApplicationServices.framework/Versions/A/ApplicationServices
0x00007fff2a630000 	/usr/lib/libz.1.dylib
0x00007fff2a6fc000 	/usr/lib/libSystem.B.dylib
0x00007fff20254000 	/usr/lib/libobjc.A.dylib
0x00007fff20435000 	/System/Library/Frameworks/CoreFoundation.framework/Versions/A/CoreFoundation
0x00007fff21114000 	/System/Library/Frameworks/Foundation.framework/Versions/C/Foundation
0x00007fff22bc4000 	/System/Library/Frameworks/AppKit.framework/Versions/C/AppKit
0x00007fff25a73000 	/System/Library/Frameworks/CoreData.framework/Versions/A/CoreData
0x00007fff23921000 	/System/Library/PrivateFrameworks/UIFoundation.framework/Versions/A/UIFoundation
0x00007fff2fe9a000 	/System/Library/PrivateFrameworks/RemoteViewServices.framework/Versions/A/RemoteViewServices
0x00007fff28c4c000 	/System/Library/PrivateFrameworks/XCTTargetBootstrap.framework/Versions/A/XCTTargetBootstrap
0x00007fff2b999000 	/usr/lib/libspindump.dylib
0x00007fff23b75000 	/System/Library/Frameworks/UniformTypeIdentifiers.framework/Versions/A/UniformTypeIdentifiers
0x00007fff2741e000 	/usr/lib/libapp_launch_measurement.dylib
0x00007fff27421000 	/System/Library/PrivateFrameworks/CoreAutoLayout.framework/Versions/A/CoreAutoLayout
0x00007fff285ad000 	/System/Library/Frameworks/Metal.framework/Versions/A/Metal
0x00007fff292a2000 	/usr/lib/liblangid.dylib
0x00007fff28c50000 	/System/Library/PrivateFrameworks/CoreSVG.framework/Versions/A/CoreSVG
0x00007fff24b5c000 	/System/Library/PrivateFrameworks/SkyLight.framework/Versions/A/SkyLight
0x00007fff24ebb000 	/System/Library/Frameworks/CoreGraphics.framework/Versions/A/CoreGraphics
0x00007fff304f1000 	/System/Library/Frameworks/Accelerate.framework/Versions/A/Accelerate
0x00007fff2b3d4000 	/System/Library/PrivateFrameworks/IconServices.framework/Versions/A/IconServices
0x00007fff2858e000 	/System/Library/Frameworks/IOSurface.framework/Versions/A/IOSurface
0x00007fff26405000 	/usr/lib/libDiagnosticMessagesClient.dylib
0x00007fff28c38000 	/System/Library/PrivateFrameworks/DFRFoundation.framework/Versions/A/DFRFoundation
0x00007fff224f0000 	/usr/lib/libicucore.A.dylib
0x00007fff2ced4000 	/System/Library/Frameworks/AudioToolbox.framework/Versions/A/AudioToolbox
0x00007fff2c17f000 	/System/Library/PrivateFrameworks/DataDetectorsCore.framework/Versions/A/DataDetectorsCore
0x00007fff28938000 	/System/Library/Frameworks/Carbon.framework/Versions/A/Frameworks/HIToolbox.framework/Versions/A/HIToolbox
0x00007fff26e81000 	/System/Library/Frameworks/QuartzCore.framework/Versions/A/QuartzCore
0x00007fff2fed6000 	/System/Library/Frameworks/Carbon.framework/Versions/A/Frameworks/SpeechRecognition.framework/Versions/A/SpeechRecognition
0x00007fff27186000 	/System/Library/PrivateFrameworks/CoreUI.framework/Versions/A/CoreUI
0x00007fff21afc000 	/System/Library/Frameworks/CoreAudio.framework/Versions/A/CoreAudio
0x00007fff264f0000 	/System/Library/Frameworks/DiskArbitration.framework/Versions/A/DiskArbitration
0x00007fff2bd91000 	/System/Library/PrivateFrameworks/MultitouchSupport.framework/Versions/A/MultitouchSupport
0x00007fff2c176000 	/System/Library/PrivateFrameworks/InternationalSupport.framework/Versions/A/InternationalSupport
0x00007fff24ad0000 	/usr/lib/libenergytrace.dylib
0x00007fff22abe000 	/System/Library/Frameworks/IOKit.framework/Versions/A/IOKit
0x00007fff30223000 	/System/Library/Frameworks/CoreServices.framework/Versions/A/CoreServices
0x00007fff273b4000 	/System/Library/PrivateFrameworks/PerformanceAnalysis.framework/Versions/A/PerformanceAnalysis
0x00007fff6b717000 	/System/Library/Frameworks/OpenGL.framework/Versions/A/OpenGL
0x00007fff2c1fb000 	/System/Library/PrivateFrameworks/UserActivity.framework/Versions/A/UserActivity
0x00007fff25575000 	/System/Library/Frameworks/ColorSync.framework/Versions/A/ColorSync
0x00007fff28ebb000 	/System/Library/Frameworks/CoreImage.framework/Versions/A/CoreImage
0x00007fff21912000 	/System/Library/Frameworks/CoreText.framework/Versions/A/CoreText
0x00007fff28c7a000 	/System/Library/Frameworks/ImageIO.framework/Versions/A/ImageIO
0x00007fff2a702000 	/System/Library/PrivateFrameworks/SoftLinking.framework/Versions/A/SoftLinking
0x00007fff2746a000 	/usr/lib/libxml2.2.dylib
0x00007fff2031a000 	/usr/lib/libc++.1.dylib
0x00007fff2a974000 	/usr/lib/libcompression.dylib
0x00007fff24ad1000 	/usr/lib/libMobileGestalt.dylib
0x00007fff2c0a9000 	/System/Library/PrivateFrameworks/TextureIO.framework/Versions/A/TextureIO
0x00007fff2b062000 	/usr/lib/libate.dylib
0x00007fff2a6f6000 	/usr/lib/system/libcache.dylib
0x00007fff2a6b2000 	/usr/lib/system/libcommonCrypto.dylib
0x00007fff2a6dc000 	/usr/lib/system/libcompiler_rt.dylib
0x00007fff2a6d1000 	/usr/lib/system/libcopyfile.dylib
0x00007fff20146000 	/usr/lib/system/libcorecrypto.dylib
0x00007fff2020f000 	/usr/lib/system/libdispatch.dylib
0x00007fff203c4000 	/usr/lib/system/libdyld.dylib
0x00007fff2a6ed000 	/usr/lib/system/libkeymgr.dylib
0x00007fff2dc83000 	/usr/lib/system/liblaunch.dylib
0x00007fff2a690000 	/usr/lib/system/libmacho.dylib
0x00007fff29ea6000 	/usr/lib/system/libquarantine.dylib
0x00007fff2a6ea000 	/usr/lib/system/libremovefile.dylib
0x00007fff24b2d000 	/usr/lib/system/libsystem_asl.dylib
0x00007fff200f6000 	/usr/lib/system/libsystem_blocks.dylib
0x00007fff20291000 	/usr/lib/system/libsystem_c.dylib
0x00007fff2a6e4000 	/usr/lib/system/libsystem_collections.dylib
0x00007fff29293000 	/usr/lib/system/libsystem_configuration.dylib
0x00007fff2857d000 	/usr/lib/system/libsystem_containermanager.dylib
0x00007fff2a428000 	/usr/lib/system/libsystem_coreservices.dylib
0x00007fff22752000 	/usr/lib/system/libsystem_darwin.dylib
0x00007fff2a6ee000 	/usr/lib/system/libsystem_dnssd.dylib
0x00007fff2028e000 	/usr/lib/system/libsystem_featureflags.dylib
0x00007fff20409000 	/usr/lib/system/libsystem_info.dylib
0x00007fff2a643000 	/usr/lib/system/libsystem_m.dylib
0x00007fff201e2000 	/usr/lib/system/libsystem_malloc.dylib
0x00007fff24ac1000 	/usr/lib/system/libsystem_networkextension.dylib
0x00007fff22b6c000 	/usr/lib/system/libsystem_notify.dylib
0x00007fff30121000 	/usr/lib/system/libsystem_product_info_filter.dylib
0x00007fff29297000 	/usr/lib/system/libsystem_sandbox.dylib
0x00007fff2a6e7000 	/usr/lib/system/libsystem_secinit.dylib
0x00007fff20389000 	/usr/lib/system/libsystem_kernel.dylib
0x00007fff203ff000 	/usr/lib/system/libsystem_platform.dylib
0x00007fff203b8000 	/usr/lib/system/libsystem_pthread.dylib
0x00007fff26253000 	/usr/lib/system/libsystem_symptoms.dylib
0x00007fff2012e000 	/usr/lib/system/libsystem_trace.dylib
0x00007fff2a6be000 	/usr/lib/system/libunwind.dylib
0x00007fff200f8000 	/usr/lib/system/libxpc.dylib
0x00007fff20370000 	/usr/lib/libc++abi.dylib
0x00007fff2a6c9000 	/usr/lib/liboah.dylib
0x00007fff2ad8d000 	/usr/lib/liblzma.5.dylib
0x00007fff20e2a000 	/System/Library/Frameworks/SystemConfiguration.framework/Versions/A/SystemConfiguration
0x00007fff2a6fe000 	/usr/lib/libfakelink.dylib
0x00007fff24623000 	/System/Library/Frameworks/CFNetwork.framework/Versions/A/CFNetwork
0x00007fff2a83e000 	/usr/lib/libarchive.2.dylib
0x00007fff20ea7000 	/usr/lib/libCRFSuite.dylib
0x00007fff29ecd000 	/usr/lib/libbsm.0.dylib
0x00007fff23fdf000 	/usr/lib/libnetwork.dylib
0x00007fff2a703000 	/usr/lib/libpcap.A.dylib
0x00007fff2624c000 	/usr/lib/libdns_services.dylib
0x00007fff2ada6000 	/usr/lib/libcoretls_cfhelpers.dylib
0x00007fff2a942000 	/usr/lib/libapple_nghttp2.dylib
0x00007fff2a696000 	/usr/lib/system/libkxld.dylib
0x00007fff25eba000 	/usr/lib/libsqlite3.dylib
0x00007fff2a40a000 	/System/Library/PrivateFrameworks/AppleFSCompression.framework/Versions/A/AppleFSCompression
0x00007fff29eb5000 	/usr/lib/libcoretls.dylib
0x00007fff2a96f000 	/usr/lib/libpam.2.dylib
0x00007fff2aea3000 	/usr/lib/libxar.1.dylib
0x00007fff2929e000 	/System/Library/PrivateFrameworks/AppleSystemInfo.framework/Versions/A/AppleSystemInfo
0x00007fff29af8000 	/System/Library/PrivateFrameworks/IOMobileFramebuffer.framework/Versions/A/IOMobileFramebuffer
0x00007fff2a41a000 	/usr/lib/libbz2.1.0.dylib
0x00007fff2a73b000 	/usr/lib/libiconv.2.dylib
0x00007fff2a68f000 	/usr/lib/libcharset.1.dylib
0x00007fff273f0000 	/System/Library/Frameworks/CoreServices.framework/Versions/A/Frameworks/FSEvents.framework/Versions/A/FSEvents
0x00007fff2275c000 	/System/Library/Frameworks/CoreServices.framework/Versions/A/Frameworks/CarbonCore.framework/Versions/A/CarbonCore
0x00007fff26455000 	/System/Library/Frameworks/CoreServices.framework/Versions/A/Frameworks/Metadata.framework/Versions/A/Metadata
0x00007fff2a42d000 	/System/Library/Frameworks/CoreServices.framework/Versions/A/Frameworks/OSServices.framework/Versions/A/OSServices
0x00007fff2a8b0000 	/System/Library/Frameworks/CoreServices.framework/Versions/A/Frameworks/SearchKit.framework/Versions/A/SearchKit
0x00007fff261d6000 	/System/Library/Frameworks/CoreServices.framework/Versions/A/Frameworks/AE.framework/Versions/A/AE
0x00007fff208d1000 	/System/Library/Frameworks/CoreServices.framework/Versions/A/Frameworks/LaunchServices.framework/Versions/A/LaunchServices
0x00007fff2ad3e000 	/System/Library/Frameworks/CoreServices.framework/Versions/A/Frameworks/DictionaryServices.framework/Versions/A/DictionaryServices
0x00007fff273f9000 	/System/Library/Frameworks/CoreServices.framework/Versions/A/Frameworks/SharedFileList.framework/Versions/A/SharedFileList
0x00007fff29ea9000 	/usr/lib/libCheckFix.dylib
0x00007fff24b44000 	/System/Library/PrivateFrameworks/TCC.framework/Versions/A/TCC
0x00007fff292a4000 	/System/Library/PrivateFrameworks/CoreNLP.framework/Versions/A/CoreNLP
0x00007fff26408000 	/System/Library/PrivateFrameworks/MetadataUtilities.framework/Versions/A/MetadataUtilities
0x00007fff20edd000 	/usr/lib/libmecabra.dylib
0x00007fff2a1bd000 	/System/Library/Frameworks/MLCompute.framework/Versions/A/MLCompute
0x00007fff29ede000 	/usr/lib/libmecab.dylib
0x00007fff29f28000 	/usr/lib/libgermantok.dylib
0x00007fff2a918000 	/usr/lib/libThaiTokenizer.dylib
0x00007fff2aede000 	/usr/lib/libChineseTokenizer.dylib
0x00007fff2a96d000 	/System/Library/Frameworks/MetalPerformanceShaders.framework/Versions/A/MetalPerformanceShaders
0x00007fff264f7000 	/System/Library/Frameworks/Accelerate.framework/Versions/A/Frameworks/vImage.framework/Versions/A/vImage
0x00007fff301fc000 	/System/Library/Frameworks/Accelerate.framework/Versions/A/Frameworks/vecLib.framework/Versions/A/vecLib
0x00007fff2aee9000 	/System/Library/Frameworks/Accelerate.framework/Versions/A/Frameworks/vecLib.framework/Versions/A/libvMisc.dylib
0x00007fff29954000 	/System/Library/Frameworks/Accelerate.framework/Versions/A/Frameworks/vecLib.framework/Versions/A/libvDSP.dylib
0x00007fff20bd4000 	/System/Library/Frameworks/Accelerate.framework/Versions/A/Frameworks/vecLib.framework/Versions/A/libBLAS.dylib
0x00007fff2a993000 	/System/Library/Frameworks/Accelerate.framework/Versions/A/Frameworks/vecLib.framework/Versions/A/libLAPACK.dylib
0x00007fff29f2e000 	/System/Library/Frameworks/Accelerate.framework/Versions/A/Frameworks/vecLib.framework/Versions/A/libLinearAlgebra.dylib
0x00007fff2a95a000 	/System/Library/Frameworks/Accelerate.framework/Versions/A/Frameworks/vecLib.framework/Versions/A/libSparseBLAS.dylib
0x00007fff2a98d000 	/System/Library/Frameworks/Accelerate.framework/Versions/A/Frameworks/vecLib.framework/Versions/A/libQuadrature.dylib
0x00007fff2934c000 	/System/Library/Frameworks/Accelerate.framework/Versions/A/Frameworks/vecLib.framework/Versions/A/libBNNS.dylib
0x00007fff20dbb000 	/System/Library/Frameworks/Accelerate.framework/Versions/A/Frameworks/vecLib.framework/Versions/A/libSparse.dylib
0x00007fff29237000 	/System/Library/Frameworks/MetalPerformanceShaders.framework/Versions/A/Frameworks/MPSCore.framework/Versions/A/MPSCore
0x00007fff2a379000 	/System/Library/Frameworks/MetalPerformanceShaders.framework/Versions/A/Frameworks/MPSImage.framework/Versions/A/MPSImage
0x00007fff29f45000 	/System/Library/Frameworks/MetalPerformanceShaders.framework/Versions/A/Frameworks/MPSNeuralNetwork.framework/Versions/A/MPSNeuralNetwork
0x00007fff2a304000 	/System/Library/Frameworks/MetalPerformanceShaders.framework/Versions/A/Frameworks/MPSMatrix.framework/Versions/A/MPSMatrix
0x00007fff2a16d000 	/System/Library/Frameworks/MetalPerformanceShaders.framework/Versions/A/Frameworks/MPSRayIntersector.framework/Versions/A/MPSRayIntersector
0x00007fff2a33b000 	/System/Library/Frameworks/MetalPerformanceShaders.framework/Versions/A/Frameworks/MPSNDArray.framework/Versions/A/MPSNDArray
0x00007fff20b00000 	/System/Library/PrivateFrameworks/MetalTools.framework/Versions/A/MetalTools
0x00007fff2929c000 	/System/Library/PrivateFrameworks/AggregateDictionary.framework/Versions/A/AggregateDictionary
0x00007fff263e0000 	/System/Library/PrivateFrameworks/CoreAnalytics.framework/Versions/A/CoreAnalytics
0x00007fff2a91a000 	/System/Library/PrivateFrameworks/AppleSauce.framework/Versions/A/AppleSauce
0x00007fff285a0000 	/System/Library/PrivateFrameworks/IOAccelerator.framework/Versions/A/IOAccelerator
0x00007fff6b70b000 	/System/Library/Frameworks/OpenGL.framework/Versions/A/Libraries/libCoreFSCache.dylib
0x00007fff21478000 	/System/Library/PrivateFrameworks/LanguageModeling.framework/Versions/A/LanguageModeling
0x00007fff29ae5000 	/System/Library/PrivateFrameworks/CoreEmoji.framework/Versions/A/CoreEmoji
0x00007fff29345000 	/System/Library/PrivateFrameworks/LinguisticData.framework/Versions/A/LinguisticData
0x00007fff20d6d000 	/System/Library/PrivateFrameworks/Lexicon.framework/Versions/A/Lexicon
0x00007fff2a82c000 	/usr/lib/libcmph.dylib
0x00007fff273d0000 	/System/Library/Frameworks/OpenDirectory.framework/Versions/A/Frameworks/CFOpenDirectory.framework/Versions/A/CFOpenDirectory
0x00007fff273c0000 	/System/Library/Frameworks/OpenDirectory.framework/Versions/A/OpenDirectory
0x00007fff2ada8000 	/System/Library/PrivateFrameworks/APFS.framework/Versions/A/APFS
0x00007fff29e0a000 	/System/Library/Frameworks/SecurityFoundation.framework/Versions/A/SecurityFoundation
0x00007fff2aeb1000 	/usr/lib/libutil.dylib
0x00007fff22a83000 	/System/Library/PrivateFrameworks/CoreServicesStore.framework/Versions/A/CoreServicesStore
0x00007fff29ea1000 	/System/Library/Frameworks/ServiceManagement.framework/Versions/A/ServiceManagement
0x00007fff2aeb5000 	/usr/lib/libxslt.1.dylib
0x00007fff29e97000 	/System/Library/PrivateFrameworks/BackgroundTaskManagement.framework/Versions/A/BackgroundTaskManagement
0x00007fff2bff4000 	/System/Library/Frameworks/ImageIO.framework/Versions/A/Resources/libRadiance.dylib
0x00007fff2bffd000 	/System/Library/Frameworks/ImageIO.framework/Versions/A/Resources/libJPEG.dylib
0x00007fff2bf4b000 	/System/Library/Frameworks/ImageIO.framework/Versions/A/Resources/libPng.dylib
0x00007fff2bf72000 	/System/Library/Frameworks/ImageIO.framework/Versions/A/Resources/libTIFF.dylib
0x00007fff2c052000 	/System/Library/Frameworks/ImageIO.framework/Versions/A/Resources/libGIF.dylib
0x00007fff2bcaf000 	/System/Library/Frameworks/ImageIO.framework/Versions/A/Resources/libJP2.dylib
0x00007fff2b39b000 	/usr/lib/libexpat.1.dylib
0x00007fff2bc65000 	/System/Library/PrivateFrameworks/AppleJPEG.framework/Versions/A/AppleJPEG
0x00007fff287db000 	/System/Library/PrivateFrameworks/FontServices.framework/libFontParser.dylib
0x00007fff2618a000 	/System/Library/PrivateFrameworks/RunningBoardServices.framework/Versions/A/RunningBoardServices
0x00007fff2bd8d000 	/System/Library/PrivateFrameworks/WatchdogClient.framework/Versions/A/WatchdogClient
0x00007fff21565000 	/System/Library/Frameworks/CoreDisplay.framework/Versions/A/CoreDisplay
0x00007fff286f0000 	/System/Library/Frameworks/CoreMedia.framework/Versions/A/CoreMedia
0x00007fff2754d000 	/System/Library/Frameworks/CoreVideo.framework/Versions/A/CoreVideo
0x00007fff2bdc5000 	/System/Library/Frameworks/VideoToolbox.framework/Versions/A/VideoToolbox
0x00007fff26108000 	/System/Library/PrivateFrameworks/BaseBoard.framework/Versions/A/BaseBoard
0x00007fff2b4e0000 	/System/Library/PrivateFrameworks/PersistentConnection.framework/Versions/A/PersistentConnection
0x00007fff25ea3000 	/System/Library/PrivateFrameworks/ProtocolBuffer.framework/Versions/A/ProtocolBuffer
0x00007fff260ef000 	/System/Library/PrivateFrameworks/CommonUtilities.framework/Versions/A/CommonUtilities
0x00007fff2bbfa000 	/System/Library/PrivateFrameworks/Bom.framework/Versions/A/Bom
0x00007fff2bfed000 	/System/Library/PrivateFrameworks/GPUWrangler.framework/Versions/A/GPUWrangler
0x00007fff2bfd0000 	/System/Library/PrivateFrameworks/IOPresentment.framework/Versions/A/IOPresentment
0x00007fff2bff7000 	/System/Library/PrivateFrameworks/DSExternalDisplay.framework/Versions/A/DSExternalDisplay
0x00007fff2c057000 	/System/Library/PrivateFrameworks/CMCaptureCore.framework/Versions/A/CMCaptureCore
0x00007fff2b980000 	/System/Library/PrivateFrameworks/AppServerSupport.framework/Versions/A/AppServerSupport
0x00007fff2da24000 	/System/Library/PrivateFrameworks/perfdata.framework/Versions/A/perfdata
0x00007fff29df9000 	/System/Library/PrivateFrameworks/AssertionServices.framework/Versions/A/AssertionServices
0x00007fff2169c000 	/System/Library/PrivateFrameworks/AudioToolboxCore.framework/Versions/A/AudioToolboxCore
0x00007fff286d3000 	/System/Library/PrivateFrameworks/caulk.framework/Versions/A/caulk
0x00007fff3ccbe000 	/System/Library/PrivateFrameworks/SystemPolicy.framework/Versions/A/SystemPolicy
0x00007fff2b191000 	/usr/lib/libIOReport.dylib
0x00007fff2d246000 	/usr/lib/libSMC.dylib
0x00007fff2bf18000 	/usr/lib/libAudioToolboxUtility.dylib
0x00007fff3d623000 	/usr/lib/libmis.dylib
0x00007fff6b767000 	/System/Library/Frameworks/OpenGL.framework/Versions/A/Libraries/libGLU.dylib
0x00007fff6b72a000 	/System/Library/Frameworks/OpenGL.framework/Versions/A/Libraries/libGFXShared.dylib
0x00007fff6b939000 	/System/Library/Frameworks/OpenGL.framework/Versions/A/Libraries/libGL.dylib
0x00007fff6b733000 	/System/Library/Frameworks/OpenGL.framework/Versions/A/Libraries/libGLImage.dylib
0x00007fff6b727000 	/System/Library/Frameworks/OpenGL.framework/Versions/A/Libraries/libCVMSPluginSupport.dylib
0x00007fff6b712000 	/System/Library/Frameworks/OpenGL.framework/Versions/A/Libraries/libCoreVMClient.dylib
0x00007fff6cd7a000 	/System/Library/Frameworks/OpenCL.framework/Versions/A/OpenCL
0x00007fff2b50a000 	/System/Library/PrivateFrameworks/GraphVisualizer.framework/Versions/A/GraphVisualizer
0x00007fff2b519000 	/System/Library/PrivateFrameworks/FaceCore.framework/Versions/A/FaceCore
0x00007fff2b935000 	/System/Library/PrivateFrameworks/OTSVG.framework/Versions/A/OTSVG
0x00007fff27144000 	/System/Library/Frameworks/ApplicationServices.framework/Versions/A/Frameworks/ATS.framework/Versions/A/Resources/libFontRegistry.dylib
0x00007fff2b987000 	/System/Library/PrivateFrameworks/FontServices.framework/libhvf.dylib
0x00007fff2b347000 	/System/Library/PrivateFrameworks/AppleVA.framework/Versions/A/AppleVA
0x00007fff2d08f000 	/System/Library/Frameworks/ApplicationServices.framework/Versions/A/Frameworks/ATS.framework/Versions/A/ATS
0x00007fff2d3a1000 	/System/Library/Frameworks/ApplicationServices.framework/Versions/A/Frameworks/ColorSyncLegacy.framework/Versions/A/ColorSyncLegacy
0x00007fff2566c000 	/System/Library/Frameworks/ApplicationServices.framework/Versions/A/Frameworks/HIServices.framework/Versions/A/HIServices
0x00007fff2d386000 	/System/Library/Frameworks/ApplicationServices.framework/Versions/A/Frameworks/LangAnalysis.framework/Versions/A/LangAnalysis
0x00007fff2c061000 	/System/Library/Frameworks/ApplicationServices.framework/Versions/A/Frameworks/PrintCore.framework/Versions/A/PrintCore
0x00007fff2d3a9000 	/System/Library/Frameworks/ApplicationServices.framework/Versions/A/Frameworks/QD.framework/Versions/A/QD
0x00007fff2d07f000 	/System/Library/Frameworks/ApplicationServices.framework/Versions/A/Frameworks/SpeechSynthesis.framework/Versions/A/SpeechSynthesis
0x00007fff2c022000 	/System/Library/Frameworks/ApplicationServices.framework/Versions/A/Frameworks/ATSUI.framework/Versions/A/ATSUI
0x00007fff2d326000 	/usr/lib/libcups.2.dylib
0x00007fff2d396000 	/System/Library/PrivateFrameworks/NetAuth.framework/Versions/A/NetAuth
0x00007fff2da40000 	/System/Library/Frameworks/Kerberos.framework/Versions/A/Kerberos
0x00007fff2da50000 	/System/Library/Frameworks/GSS.framework/Versions/A/GSS
0x00007fff2d0fb000 	/usr/lib/libresolv.9.dylib
0x00007fff2b99c000 	/System/Library/PrivateFrameworks/Heimdal.framework/Versions/A/Heimdal
0x00007fff337b7000 	/System/Library/Frameworks/Kerberos.framework/Versions/A/Libraries/libHeimdalProxy.dylib
0x00007fff2625b000 	/System/Library/Frameworks/Network.framework/Versions/A/Network
0x00007fff2b3b5000 	/usr/lib/libheimdal-asn1.dylib
0x00007fff2daa0000 	/System/Library/PrivateFrameworks/CommonAuth.framework/Versions/A/CommonAuth
0x00007fff2759a000 	/System/Library/PrivateFrameworks/login.framework/Versions/A/Frameworks/loginsupport.framework/Versions/A/loginsupport
0x00007fff2d004000 	/System/Library/PrivateFrameworks/AudioSession.framework/Versions/A/AudioSession
0x00007fff2d06c000 	/usr/lib/libAudioStatistics.dylib
0x00007fff2b442000 	/System/Library/PrivateFrameworks/MediaExperience.framework/Versions/A/MediaExperience
0x00007fff2cea2000 	/System/Library/PrivateFrameworks/AudioSession.framework/libSessionUtility.dylib
0x00007fff2da31000 	/usr/lib/libperfcheck.dylib
0x00007fff2d3b5000 	/System/Library/PrivateFrameworks/AudioResourceArbitration.framework/Versions/A/AudioResourceArbitration
0x00007fff2b3bf000 	/System/Library/PrivateFrameworks/IconFoundation.framework/Versions/A/IconFoundation
0x00007fff2fec6000 	/System/Library/PrivateFrameworks/SpeechRecognitionCore.framework/Versions/A/SpeechRecognitionCore
0x00007fff57f1a000 	/System/Library/CoreServices/Encodings/libJapaneseConverter.dylib
0x000000010f000000 	/Applications/Eclipse_2021-09.app/Contents/java/8/Home/jre/lib/server/libjvm.dylib
0x00007fff78a3d000 	/usr/lib/libstdc++.6.dylib
0x000000010a944000 	/Applications/Eclipse_2021-09.app/Contents/java/8/Home/jre/lib/libverify.dylib
0x000000010a964000 	/Applications/Eclipse_2021-09.app/Contents/java/8/Home/jre/lib/libjava.dylib
0x000000010aa2b000 	/Applications/Eclipse_2021-09.app/Contents/java/8/Home/jre/lib/libzip.dylib

VM Arguments:
jvm_args: -Djava.ext.dirs=/Applications/Eclipse_2021-09.app/Contents/java/8/Home/jre/lib/ext -Dfile.encoding=UTF-8 
java_command: exception.Exception02
java_class_path (initial): /Users/panda/Desktop/webcamp/Java/JavaWcp/bin
Launcher Type: SUN_STANDARD

Environment Variables:
PATH=/usr/bin:/bin:/usr/sbin:/sbin
SHELL=/bin/bash
DISPLAY=/private/tmp/com.apple.launchd.F5cHLi7mxI/org.macosforge.xquartz:0

Signal Handlers:
SIGSEGV: [libjvm.dylib+0x5b719d], sa_mask[0]=11111111111111111111111111111111, sa_flags=SA_ONSTACK|SA_RESTART|SA_SIGINFO
SIGBUS: [libjvm.dylib+0x5b719d], sa_mask[0]=11111111111111111111111111111111, sa_flags=SA_RESTART|SA_SIGINFO
SIGFPE: [libjvm.dylib+0x48c8fc], sa_mask[0]=11111111111111111111111111111111, sa_flags=SA_RESTART|SA_SIGINFO
SIGPIPE: [libjvm.dylib+0x48c8fc], sa_mask[0]=11111111111111111111111111111111, sa_flags=SA_RESTART|SA_SIGINFO
SIGXFSZ: [libjvm.dylib+0x48c8fc], sa_mask[0]=11111111111111111111111111111111, sa_flags=SA_RESTART|SA_SIGINFO
SIGILL: [libjvm.dylib+0x48c8fc], sa_mask[0]=11111111111111111111111111111111, sa_flags=SA_RESTART|SA_SIGINFO
SIGUSR1: SIG_DFL, sa_mask[0]=00000000000000000000000000000000, sa_flags=none
SIGUSR2: [libjvm.dylib+0x48c41a], sa_mask[0]=00100000000000000000000000000000, sa_flags=SA_RESTART|SA_SIGINFO
SIGHUP: [libjvm.dylib+0x48a9a5], sa_mask[0]=11111111111111111111111111111111, sa_flags=SA_RESTART|SA_SIGINFO
SIGINT: [libjvm.dylib+0x48a9a5], sa_mask[0]=11111111111111111111111111111111, sa_flags=SA_RESTART|SA_SIGINFO
SIGTERM: [libjvm.dylib+0x48a9a5], sa_mask[0]=11111111111111111111111111111111, sa_flags=SA_RESTART|SA_SIGINFO
SIGQUIT: [libjvm.dylib+0x48a9a5], sa_mask[0]=11111111111111111111111111111111, sa_flags=SA_RESTART|SA_SIGINFO


---------------  S Y S T E M  ---------------

OS:Bsduname:Darwin 20.1.0 Darwin Kernel Version 20.1.0: Sat Oct 31 00:07:10 PDT 2020; root:xnu-7195.50.7~2/RELEASE_ARM64_T8101 x86_64
rlimit: STACK 8176k, CORE 0k, NPROC 2666, NOFILE 10240, AS infinity
load average:2.58 2.24 2.44

CPU:total 8 (initial active 8) (1 cores per cpu, 1 threads per core) family 6 model 44 stepping 0, cmov, cx8, fxsr, mmx, sse, sse2, sse3, ssse3, sse4.1, sse4.2, popcnt, aes, clmul, tsc, tscinvbit, tscinv

Memory: 4k page, physical 16777216k(42340k free)

/proc/meminfo:


vm_info: Java HotSpot(TM) 64-Bit Server VM (25.202-b08) for bsd-amd64 JRE (1.8.0_202-b08), built on Dec 15 2018 20:16:16 by "java_re" with gcc 4.2.1 (Based on Apple Inc. build 5658) (LLVM build 2336.11.00)

time: Mon Oct 11 23:28:30 2021
timezone: JST
elapsed time: 0 seconds (0d 0h 0m 0s)

